<?xml version="1.0" encoding="UTF-8"?>
<testsuite xmlns:xsi="http://www.w3.org/2001/XMLSchema-instance" xsi:noNamespaceSchemaLocation="https://maven.apache.org/surefire/maven-surefire-plugin/xsd/surefire-test-report.xsd" name="github.scarsz.discordsrv.util.PlayerUtilTest" time="0.028" tests="2" errors="0" skipped="0" failures="0">
  <properties>
[...]
</properties>
  <testcase name="parseValidTargetSelectors" classname="github.scarsz.discordsrv.util.PlayerUtilTest" time="0.028"/>
  <testcase name="parseInvalidTargetSelectors" classname="github.scarsz.discordsrv.util.PlayerUtilTest" time="0"/>
</testsuite>